Arguments: 
  D:\Program Files\nodejs\node.exe C:\Users\JanSchoeman\AppData\Roaming\npm\node_modules\yarn\bin\yarn.js

PATH: 
  C:\ProgramData\DockerDesktop\version-bin;C:\Program Files\Docker\Docker\Resources\bin;C:\Program Files (x86)\Microsoft SDKs\Azure\CLI2\wbin;C:\Program Files (x86)\Common Files\Oracle\Java\javapath;C:\Program Files\Microsoft Solver Foundation\3.0.2.10889\Plugins;C:\ProgramData\Oracle\Java\javapath;C:\WINDOWS\system32;C:\WINDOWS;C:\WINDOWS\System32\Wbem;C:\WINDOWS\System32\WindowsPowerShell\v1.0\;C:\Program Files (x86)\Windows Kits\8.1\Windows Performance Toolkit\;C:\Program Files\Microsoft\Web Platform Installer\;C:\ProgramData\chocolatey\bin;C:\tools\python2;C:\Program Files\nodejs\;C:\Users\JanSchoeman\AppData\Roaming\nvm;C:\Program Files\nodejs;C:\Program Files\Microsoft DNX\Dnvm\;D:\Program Files\Microsoft SQL Server\130\Tools\Binn\;C:\Program Files\PuTTY\;C:\Program Files\dotnet\;C:\Program Files (x86)\Windows Kits\10\Windows Performance Toolkit\;D:\Program Files\Microsoft VS Code\bin;D:\Program Files\nodejs\;C:\Windows\system32;C:\Windows;C:\Windows\System32\Wbem;C:\Windows\System32\WindowsPowerShell\v1.0\;C:\Windows\System32\OpenSSH\;D:\Program Files (x86)\apache-maven-3.6.0-bin\apache-maven-3.6.0\bin;C:\Program Files\Git\cmd;C:\python2\Python27\python.exe;C:\Users\JanSchoeman\AppData\Local\Programs\Python\Python37-32\Scripts\;C:\Users\JanSchoeman\AppData\Local\Programs\Python\Python37-32\;C:\Users\JanSchoeman\scoop\shims;C:\Users\JanSchoeman\AppData\Local\Programs\Python\Python35-32\Scripts\;C:\Users\JanSchoeman\AppData\Local\Programs\Python\Python35-32\;C:\Users\JanSchoeman\AppData\Roaming\nvm;C:\Program Files\nodejs;C:\tools\cygwin;C:\Users\JanSchoeman\AppData\Local\atom\bin;D:\Program Files\MongoDB\Server\3.2\bin;D:\Program Files\Microsoft VS Code\bin;C:\Users\JanSchoeman\.nuget\packages\google.protobuf.tools\3.5.1\tools\windows_x64;C:\Program Files (x86)\NuGet\CredentialProviderBundle;C:\Users\JanSchoeman\.dotnet\tools;C:\Users\JanSchoeman\AppData\Roaming\npm;C:\Users\JanSchoeman\AppData\Local\Microsoft\WindowsApps;C:\Program Files\Oracle\VirtualBox;

Yarn version: 
  1.5.1

Node version: 
  10.9.0

Platform: 
  win32 x64

npm manifest: 
  {
    "name": "geojson.io",
    "version": "0.1.1",
    "description": "create and edit maps, on the internet",
    "main": "index.html",
    "dependencies": {
      "@mapbox/gist-map-browser": "0.2.1",
      "@mapbox/github-file-browser": "0.6.1",
      "bowser": "0.3.2",
      "brfs": "^1.4.3",
      "clean-css": "~2.0.7",
      "clone": "0.1.16",
      "csv2geojson": "3.6.1",
      "d3": "3.4.11",
      "d3-metatable": "0.3.0",
      "detect-json-indent": "0.0.0",
      "escape-html": "^1.0.1",
      "filesaver.js": "0.1.0",
      "geojson-extent": "^0.3.1",
      "geojson-flatten": "~0.1.0",
      "geojson-normalize": "0.0.0",
      "geojson-random": "0.1.0",
      "geojson-rewind": "^0.2.0",
      "geojson2dsv": "0.0.0",
      "geojsonhint": "0.3.4",
      "gtfs2geojson": "^1.0.0",
      "jsonlint": "1.6.0",
      "leaflet-draw": "0.2.3",
      "leaflet-geodesy": "0.1.1",
      "leaflet-hash": "0.2.1",
      "mapbox.js": "2.2.2",
      "marked": "0.3.2",
      "osmtogeojson": "2.0.5",
      "polyline": "^0.2.0",
      "polytogeojson": "0.0.1",
      "qs-hash": "0.0.0",
      "shp-write": "0.2.3",
      "smash": "0.0.11",
      "store": "1.3.14",
      "togeojson": "0.5.0",
      "tokml": "0.3.0",
      "topojson": "1.6.8",
      "uglify-js": "2.4.1",
      "wellknown": "0.3.1",
      "wkx": "^0.4.1",
      "xtend": "3.0.0"
    },
    "devDependencies": {
      "browserify": "^14.0.0",
      "eslint": "^1.10.3",
      "tape": "~2.12.3"
    },
    "scripts": {
      "start": "nodewebkit",
      "test": "eslint src",
      "test-browser": "browserify test/index.js | testling"
    },
    "repository": {
      "type": "git",
      "url": "git://github.com/mapbox/geojson.io.git"
    },
    "author": "MapBox",
    "license": "ISC",
    "bugs": {
      "url": "https://github.com/mapbox/geojson.io/issues"
    },
    "window": {
      "toolbar": false
    },
    "engines" : { "node" : "<8" }
  }

yarn manifest: 
  No manifest

Lockfile: 
  No lockfile

Trace: 
  Error: D:\Git\Jotun\geojson.io\node_modules\contextify: Command failed.
  Exit code: 1
  Command: C:\Windows\system32\cmd.exe
  Arguments: /d /s /c node-gyp rebuild
  Directory: D:\Git\Jotun\geojson.io\node_modules\contextify
  Output:
  D:\Git\Jotun\geojson.io\node_modules\contextify>if not defined npm_config_node_gyp (node "D:\Program Files\nodejs\node_modules\npm\bin\node-gyp-bin\\..\..\node_modules\node-gyp\bin\node-gyp.js" rebuild )  else (node "" rebuild ) 
  gyp info it worked if it ends with ok
  gyp info using node-gyp@3.7.0
  gyp info using node@10.9.0 | win32 | x64
  gyp info spawn C:\Users\JanSchoeman\.windows-build-tools\python27\python.exe
  gyp info spawn args [ 'D:\\Program Files\\nodejs\\node_modules\\npm\\node_modules\\node-gyp\\gyp\\gyp_main.py',
  gyp info spawn args   'binding.gyp',
  gyp info spawn args   '-f',
  gyp info spawn args   'msvs',
  gyp info spawn args   '-G',
  gyp info spawn args   'msvs_version=auto',
  gyp info spawn args   '-I',
  gyp info spawn args   'D:\\Git\\Jotun\\geojson.io\\node_modules\\contextify\\build\\config.gypi',
  gyp info spawn args   '-I',
  gyp info spawn args   'D:\\Program Files\\nodejs\\node_modules\\npm\\node_modules\\node-gyp\\addon.gypi',
  gyp info spawn args   '-I',
  gyp info spawn args   'C:\\Users\\JanSchoeman\\.node-gyp\\10.9.0\\include\\node\\common.gypi',
  gyp info spawn args   '-Dlibrary=shared_library',
  gyp info spawn args   '-Dvisibility=default',
  gyp info spawn args   '-Dnode_root_dir=C:\\Users\\JanSchoeman\\.node-gyp\\10.9.0',
  gyp info spawn args   '-Dnode_gyp_dir=D:\\Program Files\\nodejs\\node_modules\\npm\\node_modules\\node-gyp',
  gyp info spawn args   '-Dnode_lib_file=C:\\Users\\JanSchoeman\\.node-gyp\\10.9.0\\<(target_arch)\\node.lib',
  gyp info spawn args   '-Dmodule_root_dir=D:\\Git\\Jotun\\geojson.io\\node_modules\\contextify',
  gyp info spawn args   '-Dnode_engine=v8',
  gyp info spawn args   '--depth=.',
  gyp info spawn args   '--no-parallel',
  gyp info spawn args   '--generator-output',
  gyp info spawn args   'D:\\Git\\Jotun\\geojson.io\\node_modules\\contextify\\build',
  gyp info spawn args   '-Goutput_dir=.' ]
  gyp info spawn C:\Program Files (x86)\MSBuild\14.0\bin\msbuild.exe
  gyp info spawn args [ 'build/binding.sln',
  gyp info spawn args   '/clp:Verbosity=minimal',
  gyp info spawn args   '/nologo',
  gyp info spawn args   '/p:Configuration=Release;Platform=x64' ]
  Building the projects in this solution one at a time. To enable parallel build, please add the "/m" switch.
    contextify.cc
    win_delay_load_hook.cc
  ..\src\contextify.cc(131): error C2661: 'v8::Function::NewInstance': no overloaded function takes 0 arguments [D:\Git\Jotun\geojson.io\node_modules\contextify\build\contextify.vcxproj]
  ..\src\contextify.cc(150): error C2039: 'SetAccessCheckCallbacks': is not a member of 'v8::ObjectTemplate' [D:\Git\Jotun\geojson.io\node_modules\contextify\build\contextify.vcxproj]
    c:\users\janschoeman\.node-gyp\10.9.0\include\node\v8.h(5892): note: see declaration of 'v8::ObjectTemplate'
  ..\src\contextify.cc(182): error C2660: 'v8::Object::GetRealNamedProperty': function does not take 1 arguments [D:\Git\Jotun\geojson.io\node_modules\contextify\build\contextify.vcxproj]
  ..\src\contextify.cc(209): error C2660: 'v8::Object::GetRealNamedProperty': function does not take 1 arguments [D:\Git\Jotun\geojson.io\node_modules\contextify\build\contextify.vcxproj]
  ..\src\contextify.cc(209): error C2228: left of '.IsEmpty' must have class/struct/union [D:\Git\Jotun\geojson.io\node_modules\contextify\build\contextify.vcxproj]
  ..\src\contextify.cc(210): error C2660: 'v8::Object::GetRealNamedProperty': function does not take 1 arguments [D:\Git\Jotun\geojson.io\node_modules\contextify\build\contextify.vcxproj]
  ..\src\contextify.cc(210): error C2228: left of '.IsEmpty' must have class/struct/union [D:\Git\Jotun\geojson.io\node_modules\contextify\build\contextify.vcxproj]
  gyp ERR! build error 
  gyp ERR! stack Error: `C:\Program Files (x86)\MSBuild\14.0\bin\msbuild.exe` failed with exit code: 1
  gyp ERR! stack     at ChildProcess.onExit (D:\Program Files\nodejs\node_modules\npm\node_modules\node-gyp\lib\build.js:262:23)
  gyp ERR! stack     at ChildProcess.emit (events.js:182:13)
  gyp ERR! stack     at Process.ChildProcess._handle.onexit (internal/child_process.js:239:12)
  gyp ERR! System Windows_NT 10.0.17763
  gyp ERR! command "D:\\Program Files\\nodejs\\node.exe" "D:\\Program Files\\nodejs\\node_modules\\npm\\node_modules\\node-gyp\\bin\\node-gyp.js" "rebuild"
  gyp ERR! cwd D:\Git\Jotun\geojson.io\node_modules\contextify
  gyp ERR! node -v v10.9.0
  gyp ERR! node-gyp -v v3.7.0
  gyp ERR! not ok
      at ProcessTermError.MessageError (C:\Users\JanSchoeman\AppData\Roaming\npm\node_modules\yarn\lib\cli.js:186:110)
      at new ProcessTermError (C:\Users\JanSchoeman\AppData\Roaming\npm\node_modules\yarn\lib\cli.js:226:113)
      at ChildProcess.<anonymous> (C:\Users\JanSchoeman\AppData\Roaming\npm\node_modules\yarn\lib\cli.js:30281:17)
      at ChildProcess.emit (events.js:182:13)
      at maybeClose (internal/child_process.js:961:16)
      at Socket.stream.socket.on (internal/child_process.js:380:11)
      at Socket.emit (events.js:182:13)
      at Pipe._handle.close (net.js:599:12)
